<?xml version="1.0" encoding="UTF-8"?>
<testng-results skipped="0" failed="0" ignored="0" total="1" passed="1">
  <reporter-output>
  </reporter-output>
  <suite name="Default suite" duration-ms="59841" started-at="2019-08-02T04:18:30Z" finished-at="2019-08-02T04:19:30Z">
    <groups>
    </groups>
    <test name="Default test" duration-ms="59841" started-at="2019-08-02T04:18:30Z" finished-at="2019-08-02T04:19:30Z">
      <class name="com.qa.mevan.MevanDemoGit.GoogleHeadlines">
        <test-method status="PASS" signature="setup()[pri:0, instance:com.qa.mevan.MevanDemoGit.GoogleHeadlines@2a5ca609]" name="setup" is-config="true" duration-ms="49909" started-at="2019-08-02T04:18:30Z" finished-at="2019-08-02T04:19:20Z">
          <reporter-output>
          </reporter-output>
        </test-method> <!-- setup -->
        <test-method status="PASS" signature="f()[pri:0, instance:com.qa.mevan.MevanDemoGit.GoogleHeadlines@2a5ca609]" name="f" duration-ms="1662" started-at="2019-08-02T04:19:20Z" finished-at="2019-08-02T04:19:22Z">
          <reporter-output>
          </reporter-output>
        </test-method> <!-- f -->
        <test-method status="PASS" signature="head()[pri:0, instance:com.qa.mevan.MevanDemoGit.GoogleHeadlines@2a5ca609]" name="head" is-config="true" duration-ms="8104" started-at="2019-08-02T04:19:22Z" finished-at="2019-08-02T04:19:30Z">
          <reporter-output>
          </reporter-output>
        </test-method> <!-- head -->
      </class> <!-- com.qa.mevan.MevanDemoGit.GoogleHeadlines -->
    </test> <!-- Default test -->
  </suite> <!-- Default suite -->
</testng-results>
